2023-05-14 19:05:198 INFO  HomePage :59 - Mouse hover on desktops link and click
2023-05-14 19:05:667 INFO  HomePage :59 - Mouse hover on desktops link and click
2023-05-14 20:05:628 INFO  HomePage :59 - Mouse hover on desktops link and click
2023-05-14 20:05:11 INFO  HomePage :59 - Mouse hover on desktops link and click
2023-05-16 22:05:752 INFO  HomePage :81 - Mouse hover on “Laptops & Notebooks” Tab and click [[ChromeDriver: chrome on WINDOWS (228010317abeea96f5e2c9d9431410fa)] -> link text: Laptops & Notebooks]
2023-05-16 22:05:96 INFO  HomePage :100 - Click on Show All LaptopAndNotebook Tab [[ChromeDriver: chrome on WINDOWS (228010317abeea96f5e2c9d9431410fa)] -> xpath: //a[normalize-space()='Show AllLaptops & Notebooks']]
2023-05-16 22:05:166 INFO  DesktopPage :46 - Click on sort by position [[ChromeDriver: chrome on WINDOWS (228010317abeea96f5e2c9d9431410fa)] -> id: input-sort]
2023-05-16 22:05:560 INFO  DesktopPage :75 - Select option product sorted by Price (High > Low)from sort by options [[ChromeDriver: chrome on WINDOWS (228010317abeea96f5e2c9d9431410fa)] -> id: input-sort]
2023-05-16 22:05:633 INFO  LaptopAndNoteBookPage :63 - Verify Product sorted  price High to low [[[ChromeDriver: chrome on WINDOWS (228010317abeea96f5e2c9d9431410fa)] -> xpath: //p[@class ='price']], [[ChromeDriver: chrome on WINDOWS (228010317abeea96f5e2c9d9431410fa)] -> xpath: //p[@class ='price']], [[ChromeDriver: chrome on WINDOWS (228010317abeea96f5e2c9d9431410fa)] -> xpath: //p[@class ='price']], [[ChromeDriver: chrome on WINDOWS (228010317abeea96f5e2c9d9431410fa)] -> xpath: //p[@class ='price']], [[ChromeDriver: chrome on WINDOWS (228010317abeea96f5e2c9d9431410fa)] -> xpath: //p[@class ='price']]]
2023-05-16 22:05:677 INFO  LaptopAndNoteBookPage :63 - Verify Product sorted  price High to low [[[ChromeDriver: chrome on WINDOWS (228010317abeea96f5e2c9d9431410fa)] -> xpath: //p[@class ='price']], [[ChromeDriver: chrome on WINDOWS (228010317abeea96f5e2c9d9431410fa)] -> xpath: //p[@class ='price']], [[ChromeDriver: chrome on WINDOWS (228010317abeea96f5e2c9d9431410fa)] -> xpath: //p[@class ='price']], [[ChromeDriver: chrome on WINDOWS (228010317abeea96f5e2c9d9431410fa)] -> xpath: //p[@class ='price']], [[ChromeDriver: chrome on WINDOWS (228010317abeea96f5e2c9d9431410fa)] -> xpath: //p[@class ='price']]]
2023-05-16 22:05:738 INFO  HomePage :81 - Mouse hover on “Laptops & Notebooks” Tab and click [[ChromeDriver: chrome on WINDOWS (22652c0f190b178e1db76286ca115ad7)] -> link text: Laptops & Notebooks]
2023-05-16 22:05:84 INFO  HomePage :100 - Click on Show All LaptopAndNotebook Tab [[ChromeDriver: chrome on WINDOWS (22652c0f190b178e1db76286ca115ad7)] -> xpath: //a[normalize-space()='Show AllLaptops & Notebooks']]
2023-05-16 22:05:129 INFO  HomePage :106 - Clicking on Currency on top of page [[ChromeDriver: chrome on WINDOWS (22652c0f190b178e1db76286ca115ad7)] -> xpath: //span[normalize-space()='Currency']]
2023-05-16 22:05:663 INFO  HomePage :114 - Select £Pound Sterling from currency drop down list [[[ChromeDriver: chrome on WINDOWS (22652c0f190b178e1db76286ca115ad7)] -> xpath: //ul[@class = 'dropdown-menu']/li], [[ChromeDriver: chrome on WINDOWS (22652c0f190b178e1db76286ca115ad7)] -> xpath: //ul[@class = 'dropdown-menu']/li], [[ChromeDriver: chrome on WINDOWS (22652c0f190b178e1db76286ca115ad7)] -> xpath: //ul[@class = 'dropdown-menu']/li]]
2023-05-16 22:05:24 INFO  DesktopPage :75 - Select option product sorted by Price (High > Low)from sort by options [[ChromeDriver: chrome on WINDOWS (22652c0f190b178e1db76286ca115ad7)] -> id: input-sort]
2023-05-16 22:05:57 INFO  LaptopAndNoteBookPage :80 - Select Macbook[[ChromeDriver: chrome on WINDOWS (22652c0f190b178e1db76286ca115ad7)] -> link text: MacBook]
2023-05-16 22:05:78 INFO  ProductPage :103 - Verify text MacBook [[ChromeDriver: chrome on WINDOWS (22652c0f190b178e1db76286ca115ad7)] -> xpath: //h1[contains(text(),'MacBook')]]
2023-05-16 22:05:796 INFO  ProductPage :89 - Clicking on Login Button [[ChromeDriver: chrome on WINDOWS (22652c0f190b178e1db76286ca115ad7)] -> xpath: //button[@id='button-cart']]
2023-05-16 22:05:345 INFO  ProductPage :93 - Verify the Message “Success: You have added HP LP3065 to your shopping cart!” [[ChromeDriver: chrome on WINDOWS (22652c0f190b178e1db76286ca115ad7)] -> xpath: //div[@class='alert alert-success alert-dismissible']]
2023-05-16 22:05:359 INFO  ProductPage :99 - Click on link “shopping cart” display into success message [[ChromeDriver: chrome on WINDOWS (22652c0f190b178e1db76286ca115ad7)] -> xpath: //a[contains(text(),'shopping cart')]]
2023-05-16 22:05:379 INFO  ShoppingCartPage :48 -  Verify the text Shopping Cart [[ChromeDriver: chrome on WINDOWS (22652c0f190b178e1db76286ca115ad7)] -> xpath: //div[@id='content']//h1]
2023-05-16 22:05:409 INFO  ShoppingCartPage :53 - Verify the Product name HP LP3065 [[ChromeDriver: chrome on WINDOWS (22652c0f190b178e1db76286ca115ad7)] -> xpath: //div[@class = 'table-responsive']/table/tbody/tr/td[2]/a]
2023-05-16 22:05:511 INFO  ShoppingCartPage :75 - Change Quantity 2 to quantity field [[ChromeDriver: chrome on WINDOWS (22652c0f190b178e1db76286ca115ad7)] -> xpath: //div[@class='input-group btn-block']/input[@type='text']]
2023-05-16 22:05:52 INFO  ShoppingCartPage :80 -  Click on “Update” Tab [[ChromeDriver: chrome on WINDOWS (22652c0f190b178e1db76286ca115ad7)] -> xpath: //i[@class = 'fa fa-refresh']]
2023-05-16 22:05:69 INFO  ShoppingCartPage :84 - Getting welcome back text [[ChromeDriver: chrome on WINDOWS (22652c0f190b178e1db76286ca115ad7)] -> xpath: //div[@id='checkout-cart']/div[1]]
2023-05-16 22:05:91 INFO  ShoppingCartPage :68 - Verify the Total £74.73 [[ChromeDriver: chrome on WINDOWS (22652c0f190b178e1db76286ca115ad7)] -> xpath: //div[@class = 'table-responsive']/table/tbody/tr/td[6]]
2023-05-16 22:05:453 INFO  ShoppingCartPage :90 - Click on “Checkout” button [[ChromeDriver: chrome on WINDOWS (22652c0f190b178e1db76286ca115ad7)] -> css selector: a.btn.btn-primary]
2023-05-16 22:05:475 INFO  CheckoutPage :77 - Verify the text “Checkout” [[ChromeDriver: chrome on WINDOWS (22652c0f190b178e1db76286ca115ad7)] -> xpath: //div[@id='content']/h1]
2023-05-16 22:05:07 INFO  CheckoutPage :83 - Verify the Text “New Customer” [[ChromeDriver: chrome on WINDOWS (22652c0f190b178e1db76286ca115ad7)] -> xpath: //h2[contains(text(),'New Customer')]]
2023-05-16 22:05:585 INFO  CheckoutPage :90 - Click on “Guest Checkout” radio button [[ChromeDriver: chrome on WINDOWS (22652c0f190b178e1db76286ca115ad7)] -> xpath: //input[@value='guest']]
2023-05-16 22:05:642 INFO  CheckoutPage :96 - Click on “Continue” tab [[ChromeDriver: chrome on WINDOWS (22652c0f190b178e1db76286ca115ad7)] -> xpath: //input[@id='button-account']]
2023-05-16 22:05:944 INFO  CheckoutPage :102 - Enter firstname Bhavisha to firstname field [[ChromeDriver: chrome on WINDOWS (22652c0f190b178e1db76286ca115ad7)] -> id: input-payment-firstname]
2023-05-16 22:05:19 INFO  CheckoutPage :108 - Enter lastname Patel to lastname field [[ChromeDriver: chrome on WINDOWS (22652c0f190b178e1db76286ca115ad7)] -> id: input-payment-lastname]
2023-05-16 22:05:141 INFO  CheckoutPage :114 - Enter email bhavisha to email field [[ChromeDriver: chrome on WINDOWS (22652c0f190b178e1db76286ca115ad7)] -> id: input-payment-email]
2023-05-16 22:05:252 INFO  CheckoutPage :120 - Enter phoneNumber 01234567890 to phoneNumber field [[ChromeDriver: chrome on WINDOWS (22652c0f190b178e1db76286ca115ad7)] -> id: input-payment-telephone]
2023-05-16 22:05:323 INFO  CheckoutPage :126 - Enter address Line 1 129 pinner road to address field [[ChromeDriver: chrome on WINDOWS (22652c0f190b178e1db76286ca115ad7)] -> id: input-payment-address-1]
2023-05-16 22:05:383 INFO  CheckoutPage :132 - Enter city London to city field [[ChromeDriver: chrome on WINDOWS (22652c0f190b178e1db76286ca115ad7)] -> id: input-payment-city]
2023-05-16 22:05:440 INFO  CheckoutPage :138 - Enter postcode N1 1AD to postcode field [[ChromeDriver: chrome on WINDOWS (22652c0f190b178e1db76286ca115ad7)] -> id: input-payment-postcode]
2023-05-16 22:05:506 INFO  CheckoutPage :144 - Select country United Kingdom to country field [[ChromeDriver: chrome on WINDOWS (22652c0f190b178e1db76286ca115ad7)] -> id: input-payment-country]
2023-05-16 22:05:592 INFO  CheckoutPage :151 - Select state Kent to state field [[ChromeDriver: chrome on WINDOWS (22652c0f190b178e1db76286ca115ad7)] -> id: input-payment-zone]
2023-05-16 22:05:648 INFO  CheckoutPage :157 -  Click on continue button [[ChromeDriver: chrome on WINDOWS (22652c0f190b178e1db76286ca115ad7)] -> id: button-guest]
2023-05-16 22:05:230 INFO  CheckoutPage :163 - Enter comments Nothing to Say! in to text area [[ChromeDriver: chrome on WINDOWS (22652c0f190b178e1db76286ca115ad7)] -> xpath: //textarea[@name='comment']]
2023-05-16 22:05:288 INFO  CheckoutPage :169 -  Check the Terms & Conditions check box [[ChromeDriver: chrome on WINDOWS (22652c0f190b178e1db76286ca115ad7)] -> xpath: //body/div[@id='checkout-checkout']/div[1]/div[1]/div[1]/div[3]/div[2]/div[1]/div[2]/div[1]/input[1]]
2023-05-16 22:05:341 INFO  CheckoutPage :175 - Click on “Continue” button [[ChromeDriver: chrome on WINDOWS (22652c0f190b178e1db76286ca115ad7)] -> id: button-payment-method]
2023-05-16 22:05:372 INFO  CheckoutPage :180 - Verify the message “Warning: Payment method required!” [[ChromeDriver: chrome on WINDOWS (22652c0f190b178e1db76286ca115ad7)] -> xpath: //div[@class='alert alert-danger alert-dismissible']]
2023-05-16 22:05:895 INFO  HomePage :75 - Mouse hover on “Desktops” Tab and click [[ChromeDriver: chrome on WINDOWS (fe26b4198c07b58a891e866453f035fa)] -> link text: Desktops]
2023-05-16 22:05:279 INFO  HomePage :94 - Click on Show All Desktop tab [[ChromeDriver: chrome on WINDOWS (fe26b4198c07b58a891e866453f035fa)] -> xpath: //a[normalize-space()='Show AllDesktops']]
2023-05-16 22:05:352 INFO  DesktopPage :46 - Click on sort by position [[ChromeDriver: chrome on WINDOWS (fe26b4198c07b58a891e866453f035fa)] -> id: input-sort]
2023-05-16 22:05:127 INFO  DesktopPage :75 - Select option product sorted by Name (Z - A)from sort by options [[ChromeDriver: chrome on WINDOWS (fe26b4198c07b58a891e866453f035fa)] -> id: input-sort]
2023-05-16 22:05:617 INFO  HomePage :75 - Mouse hover on “Desktops” Tab and click [[ChromeDriver: chrome on WINDOWS (93400a04206f2eaf98c5a56bfb58b713)] -> link text: Desktops]
2023-05-16 22:05:998 INFO  HomePage :94 - Click on Show All Desktop tab [[ChromeDriver: chrome on WINDOWS (93400a04206f2eaf98c5a56bfb58b713)] -> xpath: //a[normalize-space()='Show AllDesktops']]
2023-05-16 22:05:47 INFO  HomePage :106 - Clicking on Currency on top of page [[ChromeDriver: chrome on WINDOWS (93400a04206f2eaf98c5a56bfb58b713)] -> xpath: //span[normalize-space()='Currency']]
2023-05-16 22:05:572 INFO  HomePage :114 - Select £Pound Sterling from currency drop down list [[[ChromeDriver: chrome on WINDOWS (93400a04206f2eaf98c5a56bfb58b713)] -> xpath: //ul[@class = 'dropdown-menu']/li], [[ChromeDriver: chrome on WINDOWS (93400a04206f2eaf98c5a56bfb58b713)] -> xpath: //ul[@class = 'dropdown-menu']/li], [[ChromeDriver: chrome on WINDOWS (93400a04206f2eaf98c5a56bfb58b713)] -> xpath: //ul[@class = 'dropdown-menu']/li]]
2023-05-16 22:05:992 INFO  DesktopPage :75 - Select option product sorted by Name (A - Z)from sort by options [[ChromeDriver: chrome on WINDOWS (93400a04206f2eaf98c5a56bfb58b713)] -> id: input-sort]
2023-05-16 22:05:85 INFO  DesktopPage :80 - Clicking on HP LP3065 [[ChromeDriver: chrome on WINDOWS (93400a04206f2eaf98c5a56bfb58b713)] -> xpath: //a[contains(text(),'HP LP3065')]]
2023-05-16 22:05:104 INFO  ProductPage :54 - Verify the Text "HP LP3065" [[ChromeDriver: chrome on WINDOWS (93400a04206f2eaf98c5a56bfb58b713)] -> xpath: //a[contains(text(),'HP LP3065')]]
2023-05-16 22:05:190 INFO  ProductPage :60 - Select 2022November30 to date field [[ChromeDriver: chrome on WINDOWS (93400a04206f2eaf98c5a56bfb58b713)] -> xpath: //div[@class = 'input-group date']//button]
2023-05-16 22:05:965 INFO  ProductPage :84 - Enter Qty 1 to quantity field [[ChromeDriver: chrome on WINDOWS (93400a04206f2eaf98c5a56bfb58b713)] -> xpath: //input[@id='input-quantity']]
2023-05-16 22:05:651 INFO  ProductPage :89 - Clicking on Login Button [[ChromeDriver: chrome on WINDOWS (93400a04206f2eaf98c5a56bfb58b713)] -> xpath: //button[@id='button-cart']]
2023-05-16 22:05:172 INFO  ProductPage :93 - Verify the Message “Success: You have added HP LP3065 to your shopping cart!” [[ChromeDriver: chrome on WINDOWS (93400a04206f2eaf98c5a56bfb58b713)] -> xpath: //div[@class='alert alert-success alert-dismissible']]
2023-05-16 22:05:181 INFO  ProductPage :99 - Click on link “shopping cart” display into success message [[ChromeDriver: chrome on WINDOWS (93400a04206f2eaf98c5a56bfb58b713)] -> xpath: //a[contains(text(),'shopping cart')]]
2023-05-16 22:05:199 INFO  ShoppingCartPage :48 -  Verify the text Shopping Cart [[ChromeDriver: chrome on WINDOWS (93400a04206f2eaf98c5a56bfb58b713)] -> xpath: //div[@id='content']//h1]
2023-05-16 22:05:232 INFO  ShoppingCartPage :53 - Verify the Product name HP LP3065 [[ChromeDriver: chrome on WINDOWS (93400a04206f2eaf98c5a56bfb58b713)] -> xpath: //div[@class = 'table-responsive']/table/tbody/tr/td[2]/a]
2023-05-16 22:05:252 INFO  ShoppingCartPage :58 - Verify the Delivery Date 2022-11-30 [[ChromeDriver: chrome on WINDOWS (93400a04206f2eaf98c5a56bfb58b713)] -> xpath: //div[@class = 'table-responsive']/table/tbody/tr/td[2]/small[1]]
2023-05-16 22:05:269 INFO  ShoppingCartPage :63 - Verify the Model Product21 [[ChromeDriver: chrome on WINDOWS (93400a04206f2eaf98c5a56bfb58b713)] -> xpath: //div[@class = 'table-responsive']/table/tbody/tr/td[3]]
2023-05-16 22:05:287 INFO  ShoppingCartPage :68 - Verify the Total £74.73 [[ChromeDriver: chrome on WINDOWS (93400a04206f2eaf98c5a56bfb58b713)] -> xpath: //div[@class = 'table-responsive']/table/tbody/tr/td[6]]
2023-05-16 22:05:60 INFO  HomePage :81 - Mouse hover on “Laptops & Notebooks” Tab and click [[ChromeDriver: chrome on WINDOWS (f0167f8c5564523504ce6d3f0de3ed22)] -> link text: Laptops & Notebooks]
2023-05-16 22:05:399 INFO  HomePage :100 - Click on Show All LaptopAndNotebook Tab [[ChromeDriver: chrome on WINDOWS (f0167f8c5564523504ce6d3f0de3ed22)] -> xpath: //a[normalize-space()='Show AllLaptops & Notebooks']]
2023-05-16 22:05:462 INFO  DesktopPage :46 - Click on sort by position [[ChromeDriver: chrome on WINDOWS (f0167f8c5564523504ce6d3f0de3ed22)] -> id: input-sort]
2023-05-16 22:05:831 INFO  DesktopPage :75 - Select option product sorted by Price (High > Low)from sort by options [[ChromeDriver: chrome on WINDOWS (f0167f8c5564523504ce6d3f0de3ed22)] -> id: input-sort]
2023-05-16 22:05:897 INFO  LaptopAndNoteBookPage :63 - Verify Product sorted  price High to low [[[ChromeDriver: chrome on WINDOWS (f0167f8c5564523504ce6d3f0de3ed22)] -> xpath: //p[@class ='price']], [[ChromeDriver: chrome on WINDOWS (f0167f8c5564523504ce6d3f0de3ed22)] -> xpath: //p[@class ='price']], [[ChromeDriver: chrome on WINDOWS (f0167f8c5564523504ce6d3f0de3ed22)] -> xpath: //p[@class ='price']], [[ChromeDriver: chrome on WINDOWS (f0167f8c5564523504ce6d3f0de3ed22)] -> xpath: //p[@class ='price']], [[ChromeDriver: chrome on WINDOWS (f0167f8c5564523504ce6d3f0de3ed22)] -> xpath: //p[@class ='price']]]
2023-05-16 22:05:937 INFO  LaptopAndNoteBookPage :63 - Verify Product sorted  price High to low [[[ChromeDriver: chrome on WINDOWS (f0167f8c5564523504ce6d3f0de3ed22)] -> xpath: //p[@class ='price']], [[ChromeDriver: chrome on WINDOWS (f0167f8c5564523504ce6d3f0de3ed22)] -> xpath: //p[@class ='price']], [[ChromeDriver: chrome on WINDOWS (f0167f8c5564523504ce6d3f0de3ed22)] -> xpath: //p[@class ='price']], [[ChromeDriver: chrome on WINDOWS (f0167f8c5564523504ce6d3f0de3ed22)] -> xpath: //p[@class ='price']], [[ChromeDriver: chrome on WINDOWS (f0167f8c5564523504ce6d3f0de3ed22)] -> xpath: //p[@class ='price']]]
2023-05-16 22:05:944 INFO  HomePage :81 - Mouse hover on “Laptops & Notebooks” Tab and click [[ChromeDriver: chrome on WINDOWS (4c97c79dce3a7dcae74e68e38e02b657)] -> link text: Laptops & Notebooks]
2023-05-16 22:05:278 INFO  HomePage :100 - Click on Show All LaptopAndNotebook Tab [[ChromeDriver: chrome on WINDOWS (4c97c79dce3a7dcae74e68e38e02b657)] -> xpath: //a[normalize-space()='Show AllLaptops & Notebooks']]
2023-05-16 22:05:324 INFO  HomePage :106 - Clicking on Currency on top of page [[ChromeDriver: chrome on WINDOWS (4c97c79dce3a7dcae74e68e38e02b657)] -> xpath: //span[normalize-space()='Currency']]
2023-05-16 22:05:854 INFO  HomePage :114 - Select £Pound Sterling from currency drop down list [[[ChromeDriver: chrome on WINDOWS (4c97c79dce3a7dcae74e68e38e02b657)] -> xpath: //ul[@class = 'dropdown-menu']/li], [[ChromeDriver: chrome on WINDOWS (4c97c79dce3a7dcae74e68e38e02b657)] -> xpath: //ul[@class = 'dropdown-menu']/li], [[ChromeDriver: chrome on WINDOWS (4c97c79dce3a7dcae74e68e38e02b657)] -> xpath: //ul[@class = 'dropdown-menu']/li]]
2023-05-16 22:05:224 INFO  DesktopPage :75 - Select option product sorted by Price (High > Low)from sort by options [[ChromeDriver: chrome on WINDOWS (4c97c79dce3a7dcae74e68e38e02b657)] -> id: input-sort]
2023-05-16 22:05:302 INFO  LaptopAndNoteBookPage :80 - Select Macbook[[ChromeDriver: chrome on WINDOWS (4c97c79dce3a7dcae74e68e38e02b657)] -> link text: MacBook]
2023-05-16 22:05:323 INFO  ProductPage :103 - Verify text MacBook [[ChromeDriver: chrome on WINDOWS (4c97c79dce3a7dcae74e68e38e02b657)] -> xpath: //h1[contains(text(),'MacBook')]]
2023-05-16 22:05:33 INFO  ProductPage :89 - Clicking on Login Button [[ChromeDriver: chrome on WINDOWS (4c97c79dce3a7dcae74e68e38e02b657)] -> xpath: //button[@id='button-cart']]
2023-05-16 22:05:576 INFO  ProductPage :93 - Verify the Message “Success: You have added HP LP3065 to your shopping cart!” [[ChromeDriver: chrome on WINDOWS (4c97c79dce3a7dcae74e68e38e02b657)] -> xpath: //div[@class='alert alert-success alert-dismissible']]
2023-05-16 22:05:579 INFO  ProductPage :99 - Click on link “shopping cart” display into success message [[ChromeDriver: chrome on WINDOWS (4c97c79dce3a7dcae74e68e38e02b657)] -> xpath: //a[contains(text(),'shopping cart')]]
2023-05-16 22:05:594 INFO  ShoppingCartPage :48 -  Verify the text Shopping Cart [[ChromeDriver: chrome on WINDOWS (4c97c79dce3a7dcae74e68e38e02b657)] -> xpath: //div[@id='content']//h1]
2023-05-16 22:05:625 INFO  ShoppingCartPage :53 - Verify the Product name HP LP3065 [[ChromeDriver: chrome on WINDOWS (4c97c79dce3a7dcae74e68e38e02b657)] -> xpath: //div[@class = 'table-responsive']/table/tbody/tr/td[2]/a]
2023-05-16 22:05:719 INFO  ShoppingCartPage :75 - Change Quantity 2 to quantity field [[ChromeDriver: chrome on WINDOWS (4c97c79dce3a7dcae74e68e38e02b657)] -> xpath: //div[@class='input-group btn-block']/input[@type='text']]
2023-05-16 22:05:228 INFO  ShoppingCartPage :80 -  Click on “Update” Tab [[ChromeDriver: chrome on WINDOWS (4c97c79dce3a7dcae74e68e38e02b657)] -> xpath: //i[@class = 'fa fa-refresh']]
2023-05-16 22:05:246 INFO  ShoppingCartPage :84 - Getting welcome back text [[ChromeDriver: chrome on WINDOWS (4c97c79dce3a7dcae74e68e38e02b657)] -> xpath: //div[@id='checkout-cart']/div[1]]
2023-05-16 22:05:267 INFO  ShoppingCartPage :68 - Verify the Total £74.73 [[ChromeDriver: chrome on WINDOWS (4c97c79dce3a7dcae74e68e38e02b657)] -> xpath: //div[@class = 'table-responsive']/table/tbody/tr/td[6]]
2023-05-16 22:05:624 INFO  ShoppingCartPage :90 - Click on “Checkout” button [[ChromeDriver: chrome on WINDOWS (4c97c79dce3a7dcae74e68e38e02b657)] -> css selector: a.btn.btn-primary]
2023-05-16 22:05:644 INFO  CheckoutPage :77 - Verify the text “Checkout” [[ChromeDriver: chrome on WINDOWS (4c97c79dce3a7dcae74e68e38e02b657)] -> xpath: //div[@id='content']/h1]
2023-05-16 22:05:182 INFO  CheckoutPage :83 - Verify the Text “New Customer” [[ChromeDriver: chrome on WINDOWS (4c97c79dce3a7dcae74e68e38e02b657)] -> xpath: //h2[contains(text(),'New Customer')]]
2023-05-16 22:05:769 INFO  CheckoutPage :90 - Click on “Guest Checkout” radio button [[ChromeDriver: chrome on WINDOWS (4c97c79dce3a7dcae74e68e38e02b657)] -> xpath: //input[@value='guest']]
2023-05-16 22:05:813 INFO  CheckoutPage :96 - Click on “Continue” tab [[ChromeDriver: chrome on WINDOWS (4c97c79dce3a7dcae74e68e38e02b657)] -> xpath: //input[@id='button-account']]
2023-05-16 22:05:218 INFO  CheckoutPage :102 - Enter firstname Bhavisha to firstname field [[ChromeDriver: chrome on WINDOWS (4c97c79dce3a7dcae74e68e38e02b657)] -> id: input-payment-firstname]
2023-05-16 22:05:322 INFO  CheckoutPage :108 - Enter lastname Patel to lastname field [[ChromeDriver: chrome on WINDOWS (4c97c79dce3a7dcae74e68e38e02b657)] -> id: input-payment-lastname]
2023-05-16 22:05:421 INFO  CheckoutPage :114 - Enter email bhavisha to email field [[ChromeDriver: chrome on WINDOWS (4c97c79dce3a7dcae74e68e38e02b657)] -> id: input-payment-email]
2023-05-16 22:05:489 INFO  CheckoutPage :120 - Enter phoneNumber 01234567890 to phoneNumber field [[ChromeDriver: chrome on WINDOWS (4c97c79dce3a7dcae74e68e38e02b657)] -> id: input-payment-telephone]
2023-05-16 22:05:556 INFO  CheckoutPage :126 - Enter address Line 1 129 pinner road to address field [[ChromeDriver: chrome on WINDOWS (4c97c79dce3a7dcae74e68e38e02b657)] -> id: input-payment-address-1]
2023-05-16 22:05:616 INFO  CheckoutPage :132 - Enter city London to city field [[ChromeDriver: chrome on WINDOWS (4c97c79dce3a7dcae74e68e38e02b657)] -> id: input-payment-city]
2023-05-16 22:05:673 INFO  CheckoutPage :138 - Enter postcode N1 1AD to postcode field [[ChromeDriver: chrome on WINDOWS (4c97c79dce3a7dcae74e68e38e02b657)] -> id: input-payment-postcode]
2023-05-16 22:05:739 INFO  CheckoutPage :144 - Select country United Kingdom to country field [[ChromeDriver: chrome on WINDOWS (4c97c79dce3a7dcae74e68e38e02b657)] -> id: input-payment-country]
2023-05-16 22:05:812 INFO  CheckoutPage :151 - Select state Kent to state field [[ChromeDriver: chrome on WINDOWS (4c97c79dce3a7dcae74e68e38e02b657)] -> id: input-payment-zone]
2023-05-16 22:05:859 INFO  CheckoutPage :157 -  Click on continue button [[ChromeDriver: chrome on WINDOWS (4c97c79dce3a7dcae74e68e38e02b657)] -> id: button-guest]
2023-05-16 22:05:440 INFO  CheckoutPage :163 - Enter comments Nothing to Say! in to text area [[ChromeDriver: chrome on WINDOWS (4c97c79dce3a7dcae74e68e38e02b657)] -> xpath: //textarea[@name='comment']]
2023-05-16 22:05:499 INFO  CheckoutPage :169 -  Check the Terms & Conditions check box [[ChromeDriver: chrome on WINDOWS (4c97c79dce3a7dcae74e68e38e02b657)] -> xpath: //body/div[@id='checkout-checkout']/div[1]/div[1]/div[1]/div[3]/div[2]/div[1]/div[2]/div[1]/input[1]]
2023-05-16 22:05:585 INFO  CheckoutPage :175 - Click on “Continue” button [[ChromeDriver: chrome on WINDOWS (4c97c79dce3a7dcae74e68e38e02b657)] -> id: button-payment-method]
2023-05-16 22:05:638 INFO  CheckoutPage :180 - Verify the message “Warning: Payment method required!” [[ChromeDriver: chrome on WINDOWS (4c97c79dce3a7dcae74e68e38e02b657)] -> xpath: //div[@class='alert alert-danger alert-dismissible']]
2023-05-16 22:05:482 INFO  HomePage :129 - Select Login from myAccount drop down list [[[ChromeDriver: chrome on WINDOWS (d174d7f902ed6ae9bd6e95e10c4aed19)] -> xpath: //ul[@class='dropdown-menu dropdown-menu-right']/li], [[ChromeDriver: chrome on WINDOWS (d174d7f902ed6ae9bd6e95e10c4aed19)] -> xpath: //ul[@class='dropdown-menu dropdown-menu-right']/li]]
2023-05-16 22:05:503 INFO  LoginPage :37 - Verify the text “Returning Customer” [[ChromeDriver: chrome on WINDOWS (d174d7f902ed6ae9bd6e95e10c4aed19)] -> xpath: //h2[contains(text(),'Returning Customer')]]
2023-05-16 22:05:407 INFO  HomePage :129 - Select Login from myAccount drop down list [[[ChromeDriver: chrome on WINDOWS (d246baf85067c253b9454c0d3642ef5a)] -> xpath: //ul[@class='dropdown-menu dropdown-menu-right']/li], [[ChromeDriver: chrome on WINDOWS (d246baf85067c253b9454c0d3642ef5a)] -> xpath: //ul[@class='dropdown-menu dropdown-menu-right']/li]]
2023-05-16 22:05:513 INFO  LoginPage :44 - Enter email iampatel@gmail.comto email field [[ChromeDriver: chrome on WINDOWS (d246baf85067c253b9454c0d3642ef5a)] -> id: input-email]
2023-05-16 22:05:575 INFO  LoginPage :50 - Enter password HelloNum1to password field [[ChromeDriver: chrome on WINDOWS (d246baf85067c253b9454c0d3642ef5a)] -> id: input-password]
2023-05-16 22:05:88 INFO  LoginPage :56 - Clicking on Login Button [[ChromeDriver: chrome on WINDOWS (d246baf85067c253b9454c0d3642ef5a)] -> xpath: //input[@value='Login']]
2023-05-16 22:05:106 INFO  LoginPage :61 - Verify text “My Account” [[ChromeDriver: chrome on WINDOWS (d246baf85067c253b9454c0d3642ef5a)] -> xpath: //h2[text()='My Account']]
2023-05-16 22:05:642 INFO  HomePage :129 - Select Logout from myAccount drop down list [[[ChromeDriver: chrome on WINDOWS (d246baf85067c253b9454c0d3642ef5a)] -> xpath: //ul[@class='dropdown-menu dropdown-menu-right']/li], [[ChromeDriver: chrome on WINDOWS (d246baf85067c253b9454c0d3642ef5a)] -> xpath: //ul[@class='dropdown-menu dropdown-menu-right']/li], [[ChromeDriver: chrome on WINDOWS (d246baf85067c253b9454c0d3642ef5a)] -> xpath: //ul[@class='dropdown-menu dropdown-menu-right']/li], [[ChromeDriver: chrome on WINDOWS (d246baf85067c253b9454c0d3642ef5a)] -> xpath: //ul[@class='dropdown-menu dropdown-menu-right']/li], [[ChromeDriver: chrome on WINDOWS (d246baf85067c253b9454c0d3642ef5a)] -> xpath: //ul[@class='dropdown-menu dropdown-menu-right']/li]]
2023-05-16 22:05:659 INFO  LogoutPage :28 - Verify text "Account Logout" [[ChromeDriver: chrome on WINDOWS (d246baf85067c253b9454c0d3642ef5a)] -> xpath: //h1[text()='Account Logout']]
2023-05-16 22:05:968 INFO  LogoutPage :34 - Clicking on Continue Button [[ChromeDriver: chrome on WINDOWS (d246baf85067c253b9454c0d3642ef5a)] -> xpath: //a[contains(text(),'Continue')]]
2023-05-16 22:05:503 INFO  HomePage :129 - Select Register from myAccount drop down list [[[ChromeDriver: chrome on WINDOWS (f78b1c59ad3d5c73012d890f4688b0ac)] -> xpath: //ul[@class='dropdown-menu dropdown-menu-right']/li], [[ChromeDriver: chrome on WINDOWS (f78b1c59ad3d5c73012d890f4688b0ac)] -> xpath: //ul[@class='dropdown-menu dropdown-menu-right']/li]]
2023-05-16 22:05:519 INFO  RegisterPage :59 - Verify the text “Register Account”. [[ChromeDriver: chrome on WINDOWS (f78b1c59ad3d5c73012d890f4688b0ac)] -> xpath: //h1[contains(text(),'Register Account')]]
2023-05-16 22:05:293 INFO  HomePage :129 - Select Register from myAccount drop down list [[[ChromeDriver: chrome on WINDOWS (30d346acfec5803c528d9755f02767b7)] -> xpath: //ul[@class='dropdown-menu dropdown-menu-right']/li], [[ChromeDriver: chrome on WINDOWS (30d346acfec5803c528d9755f02767b7)] -> xpath: //ul[@class='dropdown-menu dropdown-menu-right']/li]]
2023-05-16 22:05:357 INFO  RegisterPage :65 - Enter Firstname Iama to Firstname field [[ChromeDriver: chrome on WINDOWS (30d346acfec5803c528d9755f02767b7)] -> id: input-firstname]
2023-05-16 22:05:433 INFO  RegisterPage :70 - Enter Lastname Patel to Lastname field [[ChromeDriver: chrome on WINDOWS (30d346acfec5803c528d9755f02767b7)] -> id: input-lastname]
2023-05-16 22:05:513 INFO  RegisterPage :75 - Enter email patelYrMg@gmail.com to email field [[ChromeDriver: chrome on WINDOWS (30d346acfec5803c528d9755f02767b7)] -> id: input-email]
2023-05-16 22:05:571 INFO  RegisterPage :80 - Enter Telephone 01234567890 to Telephone field [[ChromeDriver: chrome on WINDOWS (30d346acfec5803c528d9755f02767b7)] -> id: input-telephone]
2023-05-16 22:05:622 INFO  RegisterPage :85 - Enter Password Hellonum1 to Password field [[ChromeDriver: chrome on WINDOWS (30d346acfec5803c528d9755f02767b7)] -> id: input-password]
2023-05-16 22:05:675 INFO  RegisterPage :90 - Enter ConfirmPassword Hellonum1 to ConfirmPassword field [[ChromeDriver: chrome on WINDOWS (30d346acfec5803c528d9755f02767b7)] -> id: input-confirm]
2023-05-16 22:05:702 INFO  RegisterPage :102 - Select Subscribe Yes radio button [[[ChromeDriver: chrome on WINDOWS (30d346acfec5803c528d9755f02767b7)] -> xpath: //fieldset[3]//input], [[ChromeDriver: chrome on WINDOWS (30d346acfec5803c528d9755f02767b7)] -> xpath: //fieldset[3]//input]]
2023-05-16 22:05:744 INFO  RegisterPage :107 - Click on Privacy Policy check box [[ChromeDriver: chrome on WINDOWS (30d346acfec5803c528d9755f02767b7)] -> xpath: //input[@name='agree']]
2023-05-16 22:05:808 INFO  RegisterPage :112 - Clicking on Continue Button [[ChromeDriver: chrome on WINDOWS (30d346acfec5803c528d9755f02767b7)] -> xpath: //input[@type='submit']]
2023-05-16 22:05:827 INFO  RegisterPage :116 - Verify the message “Your Account Has Been Created!” [[ChromeDriver: chrome on WINDOWS (30d346acfec5803c528d9755f02767b7)] -> xpath: //h1[text()='Your Account Has Been Created!']]
2023-05-16 22:05:135 INFO  RegisterPage :122 - Clicking on Continue Button [[ChromeDriver: chrome on WINDOWS (30d346acfec5803c528d9755f02767b7)] -> xpath: //a[text()='Continue']]
2023-05-16 22:05:692 INFO  HomePage :129 - Select Logout from myAccount drop down list [[[ChromeDriver: chrome on WINDOWS (30d346acfec5803c528d9755f02767b7)] -> xpath: //ul[@class='dropdown-menu dropdown-menu-right']/li], [[ChromeDriver: chrome on WINDOWS (30d346acfec5803c528d9755f02767b7)] -> xpath: //ul[@class='dropdown-menu dropdown-menu-right']/li], [[ChromeDriver: chrome on WINDOWS (30d346acfec5803c528d9755f02767b7)] -> xpath: //ul[@class='dropdown-menu dropdown-menu-right']/li], [[ChromeDriver: chrome on WINDOWS (30d346acfec5803c528d9755f02767b7)] -> xpath: //ul[@class='dropdown-menu dropdown-menu-right']/li], [[ChromeDriver: chrome on WINDOWS (30d346acfec5803c528d9755f02767b7)] -> xpath: //ul[@class='dropdown-menu dropdown-menu-right']/li]]
2023-05-16 22:05:707 INFO  LogoutPage :28 - Verify text "Account Logout" [[ChromeDriver: chrome on WINDOWS (30d346acfec5803c528d9755f02767b7)] -> xpath: //h1[text()='Account Logout']]
2023-05-16 22:05:27 INFO  LogoutPage :34 - Clicking on Continue Button [[ChromeDriver: chrome on WINDOWS (30d346acfec5803c528d9755f02767b7)] -> xpath: //a[contains(text(),'Continue')]]
2023-05-16 22:05:878 INFO  HomePage :75 - Mouse hover on “Desktops” Tab and click [[ChromeDriver: chrome on WINDOWS (6e78ba0674eb82dd6c9d139b34a0a808)] -> link text: Desktops]
2023-05-16 22:05:949 INFO  HomePage :69 - Click Show All Desktops from homepage Top menu  []
2023-05-16 22:05:982 INFO  DesktopPage :40 - Verify the text ‘Desktops’[[ChromeDriver: chrome on WINDOWS (6e78ba0674eb82dd6c9d139b34a0a808)] -> xpath: //h2[contains(text(),'Desktops')]]
2023-05-16 22:05:988 INFO  HomePage :81 - Mouse hover on “Laptops & Notebooks” Tab and click [[ChromeDriver: chrome on WINDOWS (9eb8bfceb80c605f346d36d8c9789a98)] -> link text: Laptops & Notebooks]
2023-05-16 22:05:33 INFO  HomePage :69 - Click Show All Laptops & Notebooks from homepage Top menu  []
2023-05-16 22:05:49 INFO  LaptopAndNoteBookPage :39 - Verify the text ‘Laptops & Notebooks’ [[ChromeDriver: chrome on WINDOWS (9eb8bfceb80c605f346d36d8c9789a98)] -> xpath: //h2[contains(text(),'Laptops & Notebooks')]]
2023-05-16 22:05:880 INFO  HomePage :87 -  Mouse hover on “Components” Tab and click [[ChromeDriver: chrome on WINDOWS (efa170769bae21aec4718508d6b391e3)] -> link text: Components]
2023-05-16 22:05:955 INFO  HomePage :69 - Click Show All Components from homepage Top menu  []
2023-05-16 22:05:987 INFO  ComponentsPage :22 - Verify the text ‘Components’ [[ChromeDriver: chrome on WINDOWS (efa170769bae21aec4718508d6b391e3)] -> xpath: //h2[contains(text(),'Components')]]
2023-05-16 22:05:610 INFO  HomePage :75 - Mouse hover on “Desktops” Tab and click [[ChromeDriver: chrome on WINDOWS (f9798a5c5900094cdce226031a7aac6b)] -> link text: Desktops]
2023-05-16 22:05:987 INFO  HomePage :94 - Click on Show All Desktop tab [[ChromeDriver: chrome on WINDOWS (f9798a5c5900094cdce226031a7aac6b)] -> xpath: //a[normalize-space()='Show AllDesktops']]
2023-05-16 22:05:58 INFO  DesktopPage :46 - Click on sort by position [[ChromeDriver: chrome on WINDOWS (f9798a5c5900094cdce226031a7aac6b)] -> id: input-sort]
2023-05-16 22:05:482 INFO  DesktopPage :75 - Select option product sorted by Name (Z - A)from sort by options [[ChromeDriver: chrome on WINDOWS (f9798a5c5900094cdce226031a7aac6b)] -> id: input-sort]
2023-05-16 22:05:156 INFO  HomePage :81 - Mouse hover on “Laptops & Notebooks” Tab and click [[ChromeDriver: chrome on WINDOWS (20d06a0037e12a2b449f284cb702d8b9)] -> link text: Laptops & Notebooks]
2023-05-16 22:05:488 INFO  HomePage :100 - Click on Show All LaptopAndNotebook Tab [[ChromeDriver: chrome on WINDOWS (20d06a0037e12a2b449f284cb702d8b9)] -> xpath: //a[normalize-space()='Show AllLaptops & Notebooks']]
2023-05-16 22:05:554 INFO  DesktopPage :46 - Click on sort by position [[ChromeDriver: chrome on WINDOWS (20d06a0037e12a2b449f284cb702d8b9)] -> id: input-sort]
2023-05-16 22:05:953 INFO  DesktopPage :75 - Select option product sorted by Price (High > Low)from sort by options [[ChromeDriver: chrome on WINDOWS (20d06a0037e12a2b449f284cb702d8b9)] -> id: input-sort]
2023-05-16 22:05:18 INFO  LaptopAndNoteBookPage :63 - Verify Product sorted  price High to low [[[ChromeDriver: chrome on WINDOWS (20d06a0037e12a2b449f284cb702d8b9)] -> xpath: //p[@class ='price']], [[ChromeDriver: chrome on WINDOWS (20d06a0037e12a2b449f284cb702d8b9)] -> xpath: //p[@class ='price']], [[ChromeDriver: chrome on WINDOWS (20d06a0037e12a2b449f284cb702d8b9)] -> xpath: //p[@class ='price']], [[ChromeDriver: chrome on WINDOWS (20d06a0037e12a2b449f284cb702d8b9)] -> xpath: //p[@class ='price']], [[ChromeDriver: chrome on WINDOWS (20d06a0037e12a2b449f284cb702d8b9)] -> xpath: //p[@class ='price']]]
2023-05-16 22:05:62 INFO  LaptopAndNoteBookPage :63 - Verify Product sorted  price High to low [[[ChromeDriver: chrome on WINDOWS (20d06a0037e12a2b449f284cb702d8b9)] -> xpath: //p[@class ='price']], [[ChromeDriver: chrome on WINDOWS (20d06a0037e12a2b449f284cb702d8b9)] -> xpath: //p[@class ='price']], [[ChromeDriver: chrome on WINDOWS (20d06a0037e12a2b449f284cb702d8b9)] -> xpath: //p[@class ='price']], [[ChromeDriver: chrome on WINDOWS (20d06a0037e12a2b449f284cb702d8b9)] -> xpath: //p[@class ='price']], [[ChromeDriver: chrome on WINDOWS (20d06a0037e12a2b449f284cb702d8b9)] -> xpath: //p[@class ='price']]]
2023-05-16 22:05:998 INFO  HomePage :129 - Select Login from myAccount drop down list [[[ChromeDriver: chrome on WINDOWS (298ae6afde618e79524ed4d5ad14750b)] -> xpath: //ul[@class='dropdown-menu dropdown-menu-right']/li], [[ChromeDriver: chrome on WINDOWS (298ae6afde618e79524ed4d5ad14750b)] -> xpath: //ul[@class='dropdown-menu dropdown-menu-right']/li]]
2023-05-16 22:05:23 INFO  LoginPage :37 - Verify the text “Returning Customer” [[ChromeDriver: chrome on WINDOWS (298ae6afde618e79524ed4d5ad14750b)] -> xpath: //h2[contains(text(),'Returning Customer')]]
2023-05-16 22:05:194 INFO  HomePage :129 - Select Register from myAccount drop down list [[[ChromeDriver: chrome on WINDOWS (c90aa6db2fc71c751b3617133318b8a1)] -> xpath: //ul[@class='dropdown-menu dropdown-menu-right']/li], [[ChromeDriver: chrome on WINDOWS (c90aa6db2fc71c751b3617133318b8a1)] -> xpath: //ul[@class='dropdown-menu dropdown-menu-right']/li]]
2023-05-16 22:05:211 INFO  RegisterPage :59 - Verify the text “Register Account”. [[ChromeDriver: chrome on WINDOWS (c90aa6db2fc71c751b3617133318b8a1)] -> xpath: //h1[contains(text(),'Register Account')]]
2023-05-16 22:05:462 INFO  HomePage :75 - Mouse hover on “Desktops” Tab and click [[ChromeDriver: chrome on WINDOWS (3a67a2d6ff5fa10490d66845d6f8cf60)] -> link text: Desktops]
2023-05-16 22:05:519 INFO  HomePage :69 - Click Show All Desktops from homepage Top menu  []
2023-05-16 22:05:540 INFO  DesktopPage :40 - Verify the text ‘Desktops’[[ChromeDriver: chrome on WINDOWS (3a67a2d6ff5fa10490d66845d6f8cf60)] -> xpath: //h2[contains(text(),'Desktops')]]
2023-05-16 22:05:574 INFO  HomePage :75 - Mouse hover on “Desktops” Tab and click [[ChromeDriver: chrome on WINDOWS (39e0c66aa7293eaa5a4e73e0049cacdc)] -> link text: Desktops]
2023-05-16 22:05:940 INFO  HomePage :94 - Click on Show All Desktop tab [[ChromeDriver: chrome on WINDOWS (39e0c66aa7293eaa5a4e73e0049cacdc)] -> xpath: //a[normalize-space()='Show AllDesktops']]
2023-05-16 22:05:999 INFO  HomePage :106 - Clicking on Currency on top of page [[ChromeDriver: chrome on WINDOWS (39e0c66aa7293eaa5a4e73e0049cacdc)] -> xpath: //span[normalize-space()='Currency']]
2023-05-16 22:05:554 INFO  HomePage :114 - Select £Pound Sterling from currency drop down list [[[ChromeDriver: chrome on WINDOWS (39e0c66aa7293eaa5a4e73e0049cacdc)] -> xpath: //ul[@class = 'dropdown-menu']/li], [[ChromeDriver: chrome on WINDOWS (39e0c66aa7293eaa5a4e73e0049cacdc)] -> xpath: //ul[@class = 'dropdown-menu']/li], [[ChromeDriver: chrome on WINDOWS (39e0c66aa7293eaa5a4e73e0049cacdc)] -> xpath: //ul[@class = 'dropdown-menu']/li]]
2023-05-16 22:05:956 INFO  DesktopPage :75 - Select option product sorted by Name (A - Z)from sort by options [[ChromeDriver: chrome on WINDOWS (39e0c66aa7293eaa5a4e73e0049cacdc)] -> id: input-sort]
2023-05-16 22:05:199 INFO  DesktopPage :80 - Clicking on HP LP3065 [[ChromeDriver: chrome on WINDOWS (39e0c66aa7293eaa5a4e73e0049cacdc)] -> xpath: //a[contains(text(),'HP LP3065')]]
2023-05-16 22:05:219 INFO  ProductPage :54 - Verify the Text "HP LP3065" [[ChromeDriver: chrome on WINDOWS (39e0c66aa7293eaa5a4e73e0049cacdc)] -> xpath: //a[contains(text(),'HP LP3065')]]
2023-05-16 22:05:384 INFO  ProductPage :60 - Select 2022November30 to date field [[ChromeDriver: chrome on WINDOWS (39e0c66aa7293eaa5a4e73e0049cacdc)] -> xpath: //div[@class = 'input-group date']//button]
2023-05-16 22:05:451 INFO  ProductPage :84 - Enter Qty 1 to quantity field [[ChromeDriver: chrome on WINDOWS (39e0c66aa7293eaa5a4e73e0049cacdc)] -> xpath: //input[@id='input-quantity']]
2023-05-16 22:05:161 INFO  ProductPage :89 - Clicking on Login Button [[ChromeDriver: chrome on WINDOWS (39e0c66aa7293eaa5a4e73e0049cacdc)] -> xpath: //button[@id='button-cart']]
2023-05-16 22:05:719 INFO  ProductPage :93 - Verify the Message “Success: You have added HP LP3065 to your shopping cart!” [[ChromeDriver: chrome on WINDOWS (39e0c66aa7293eaa5a4e73e0049cacdc)] -> xpath: //div[@class='alert alert-success alert-dismissible']]
2023-05-16 22:05:692 INFO  ProductPage :99 - Click on link “shopping cart” display into success message [[ChromeDriver: chrome on WINDOWS (39e0c66aa7293eaa5a4e73e0049cacdc)] -> xpath: //a[contains(text(),'shopping cart')]]
2023-05-16 22:05:709 INFO  ShoppingCartPage :48 -  Verify the text Shopping Cart [[ChromeDriver: chrome on WINDOWS (39e0c66aa7293eaa5a4e73e0049cacdc)] -> xpath: //div[@id='content']//h1]
2023-05-16 22:05:743 INFO  ShoppingCartPage :53 - Verify the Product name HP LP3065 [[ChromeDriver: chrome on WINDOWS (39e0c66aa7293eaa5a4e73e0049cacdc)] -> xpath: //div[@class = 'table-responsive']/table/tbody/tr/td[2]/a]
2023-05-16 22:05:767 INFO  ShoppingCartPage :58 - Verify the Delivery Date 2022-11-30 [[ChromeDriver: chrome on WINDOWS (39e0c66aa7293eaa5a4e73e0049cacdc)] -> xpath: //div[@class = 'table-responsive']/table/tbody/tr/td[2]/small[1]]
2023-05-16 22:05:788 INFO  ShoppingCartPage :63 - Verify the Model Product21 [[ChromeDriver: chrome on WINDOWS (39e0c66aa7293eaa5a4e73e0049cacdc)] -> xpath: //div[@class = 'table-responsive']/table/tbody/tr/td[3]]
2023-05-16 22:05:814 INFO  ShoppingCartPage :68 - Verify the Total £74.73 [[ChromeDriver: chrome on WINDOWS (39e0c66aa7293eaa5a4e73e0049cacdc)] -> xpath: //div[@class = 'table-responsive']/table/tbody/tr/td[6]]
2023-05-16 22:05:459 INFO  HomePage :81 - Mouse hover on “Laptops & Notebooks” Tab and click [[ChromeDriver: chrome on WINDOWS (3905dabc8a9ef15b6cf7131c57c528fa)] -> link text: Laptops & Notebooks]
2023-05-16 22:05:800 INFO  HomePage :100 - Click on Show All LaptopAndNotebook Tab [[ChromeDriver: chrome on WINDOWS (3905dabc8a9ef15b6cf7131c57c528fa)] -> xpath: //a[normalize-space()='Show AllLaptops & Notebooks']]
2023-05-16 22:05:846 INFO  HomePage :106 - Clicking on Currency on top of page [[ChromeDriver: chrome on WINDOWS (3905dabc8a9ef15b6cf7131c57c528fa)] -> xpath: //span[normalize-space()='Currency']]
2023-05-16 22:05:688 INFO  HomePage :114 - Select £Pound Sterling from currency drop down list [[[ChromeDriver: chrome on WINDOWS (3905dabc8a9ef15b6cf7131c57c528fa)] -> xpath: //ul[@class = 'dropdown-menu']/li], [[ChromeDriver: chrome on WINDOWS (3905dabc8a9ef15b6cf7131c57c528fa)] -> xpath: //ul[@class = 'dropdown-menu']/li], [[ChromeDriver: chrome on WINDOWS (3905dabc8a9ef15b6cf7131c57c528fa)] -> xpath: //ul[@class = 'dropdown-menu']/li]]
2023-05-16 22:05:45 INFO  DesktopPage :75 - Select option product sorted by Price (High > Low)from sort by options [[ChromeDriver: chrome on WINDOWS (3905dabc8a9ef15b6cf7131c57c528fa)] -> id: input-sort]
2023-05-16 22:05:632 INFO  LaptopAndNoteBookPage :80 - Select Macbook[[ChromeDriver: chrome on WINDOWS (3905dabc8a9ef15b6cf7131c57c528fa)] -> link text: MacBook]
2023-05-16 22:05:650 INFO  ProductPage :103 - Verify text MacBook [[ChromeDriver: chrome on WINDOWS (3905dabc8a9ef15b6cf7131c57c528fa)] -> xpath: //h1[contains(text(),'MacBook')]]
2023-05-16 22:05:354 INFO  ProductPage :89 - Clicking on Login Button [[ChromeDriver: chrome on WINDOWS (3905dabc8a9ef15b6cf7131c57c528fa)] -> xpath: //button[@id='button-cart']]
2023-05-16 22:05:880 INFO  ProductPage :93 - Verify the Message “Success: You have added HP LP3065 to your shopping cart!” [[ChromeDriver: chrome on WINDOWS (3905dabc8a9ef15b6cf7131c57c528fa)] -> xpath: //div[@class='alert alert-success alert-dismissible']]
2023-05-16 22:05:836 INFO  ProductPage :99 - Click on link “shopping cart” display into success message [[ChromeDriver: chrome on WINDOWS (3905dabc8a9ef15b6cf7131c57c528fa)] -> xpath: //a[contains(text(),'shopping cart')]]
2023-05-16 22:05:855 INFO  ShoppingCartPage :48 -  Verify the text Shopping Cart [[ChromeDriver: chrome on WINDOWS (3905dabc8a9ef15b6cf7131c57c528fa)] -> xpath: //div[@id='content']//h1]
2023-05-16 22:05:883 INFO  ShoppingCartPage :53 - Verify the Product name HP LP3065 [[ChromeDriver: chrome on WINDOWS (3905dabc8a9ef15b6cf7131c57c528fa)] -> xpath: //div[@class = 'table-responsive']/table/tbody/tr/td[2]/a]
2023-05-16 22:05:995 INFO  ShoppingCartPage :75 - Change Quantity 2 to quantity field [[ChromeDriver: chrome on WINDOWS (3905dabc8a9ef15b6cf7131c57c528fa)] -> xpath: //div[@class='input-group btn-block']/input[@type='text']]
2023-05-16 22:05:489 INFO  ShoppingCartPage :80 -  Click on “Update” Tab [[ChromeDriver: chrome on WINDOWS (3905dabc8a9ef15b6cf7131c57c528fa)] -> xpath: //i[@class = 'fa fa-refresh']]
2023-05-16 22:05:511 INFO  ShoppingCartPage :84 - Getting welcome back text [[ChromeDriver: chrome on WINDOWS (3905dabc8a9ef15b6cf7131c57c528fa)] -> xpath: //div[@id='checkout-cart']/div[1]]
2023-05-16 22:05:532 INFO  ShoppingCartPage :68 - Verify the Total £74.73 [[ChromeDriver: chrome on WINDOWS (3905dabc8a9ef15b6cf7131c57c528fa)] -> xpath: //div[@class = 'table-responsive']/table/tbody/tr/td[6]]
2023-05-16 22:05:871 INFO  ShoppingCartPage :90 - Click on “Checkout” button [[ChromeDriver: chrome on WINDOWS (3905dabc8a9ef15b6cf7131c57c528fa)] -> css selector: a.btn.btn-primary]
2023-05-16 22:05:890 INFO  CheckoutPage :77 - Verify the text “Checkout” [[ChromeDriver: chrome on WINDOWS (3905dabc8a9ef15b6cf7131c57c528fa)] -> xpath: //div[@id='content']/h1]
2023-05-16 22:05:413 INFO  CheckoutPage :83 - Verify the Text “New Customer” [[ChromeDriver: chrome on WINDOWS (3905dabc8a9ef15b6cf7131c57c528fa)] -> xpath: //h2[contains(text(),'New Customer')]]
2023-05-16 22:05:999 INFO  CheckoutPage :90 - Click on “Guest Checkout” radio button [[ChromeDriver: chrome on WINDOWS (3905dabc8a9ef15b6cf7131c57c528fa)] -> xpath: //input[@value='guest']]
2023-05-16 22:05:40 INFO  CheckoutPage :96 - Click on “Continue” tab [[ChromeDriver: chrome on WINDOWS (3905dabc8a9ef15b6cf7131c57c528fa)] -> xpath: //input[@id='button-account']]
2023-05-16 22:05:423 INFO  CheckoutPage :102 - Enter firstname Bhavisha to firstname field [[ChromeDriver: chrome on WINDOWS (3905dabc8a9ef15b6cf7131c57c528fa)] -> id: input-payment-firstname]
2023-05-16 22:05:493 INFO  CheckoutPage :108 - Enter lastname Patel to lastname field [[ChromeDriver: chrome on WINDOWS (3905dabc8a9ef15b6cf7131c57c528fa)] -> id: input-payment-lastname]
2023-05-16 22:05:595 INFO  CheckoutPage :114 - Enter email bhavisha to email field [[ChromeDriver: chrome on WINDOWS (3905dabc8a9ef15b6cf7131c57c528fa)] -> id: input-payment-email]
2023-05-16 22:05:665 INFO  CheckoutPage :120 - Enter phoneNumber 01234567890 to phoneNumber field [[ChromeDriver: chrome on WINDOWS (3905dabc8a9ef15b6cf7131c57c528fa)] -> id: input-payment-telephone]
2023-05-16 22:05:733 INFO  CheckoutPage :126 - Enter address Line 1 129 pinner road to address field [[ChromeDriver: chrome on WINDOWS (3905dabc8a9ef15b6cf7131c57c528fa)] -> id: input-payment-address-1]
2023-05-16 22:05:792 INFO  CheckoutPage :132 - Enter city London to city field [[ChromeDriver: chrome on WINDOWS (3905dabc8a9ef15b6cf7131c57c528fa)] -> id: input-payment-city]
2023-05-16 22:05:846 INFO  CheckoutPage :138 - Enter postcode N1 1AD to postcode field [[ChromeDriver: chrome on WINDOWS (3905dabc8a9ef15b6cf7131c57c528fa)] -> id: input-payment-postcode]
2023-05-16 22:05:910 INFO  CheckoutPage :144 - Select country United Kingdom to country field [[ChromeDriver: chrome on WINDOWS (3905dabc8a9ef15b6cf7131c57c528fa)] -> id: input-payment-country]
2023-05-16 22:05:975 INFO  CheckoutPage :151 - Select state Kent to state field [[ChromeDriver: chrome on WINDOWS (3905dabc8a9ef15b6cf7131c57c528fa)] -> id: input-payment-zone]
2023-05-16 22:05:21 INFO  CheckoutPage :157 -  Click on continue button [[ChromeDriver: chrome on WINDOWS (3905dabc8a9ef15b6cf7131c57c528fa)] -> id: button-guest]
2023-05-16 22:05:617 INFO  CheckoutPage :163 - Enter comments Nothing to Say! in to text area [[ChromeDriver: chrome on WINDOWS (3905dabc8a9ef15b6cf7131c57c528fa)] -> xpath: //textarea[@name='comment']]
2023-05-16 22:05:695 INFO  CheckoutPage :169 -  Check the Terms & Conditions check box [[ChromeDriver: chrome on WINDOWS (3905dabc8a9ef15b6cf7131c57c528fa)] -> xpath: //body/div[@id='checkout-checkout']/div[1]/div[1]/div[1]/div[3]/div[2]/div[1]/div[2]/div[1]/input[1]]
2023-05-16 22:05:774 INFO  CheckoutPage :175 - Click on “Continue” button [[ChromeDriver: chrome on WINDOWS (3905dabc8a9ef15b6cf7131c57c528fa)] -> id: button-payment-method]
2023-05-16 22:05:815 INFO  CheckoutPage :180 - Verify the message “Warning: Payment method required!” [[ChromeDriver: chrome on WINDOWS (3905dabc8a9ef15b6cf7131c57c528fa)] -> xpath: //div[@class='alert alert-danger alert-dismissible']]
2023-05-16 22:05:599 INFO  HomePage :129 - Select Login from myAccount drop down list [[[ChromeDriver: chrome on WINDOWS (4479f1876dc03c02188cdd88894b6aed)] -> xpath: //ul[@class='dropdown-menu dropdown-menu-right']/li], [[ChromeDriver: chrome on WINDOWS (4479f1876dc03c02188cdd88894b6aed)] -> xpath: //ul[@class='dropdown-menu dropdown-menu-right']/li]]
2023-05-16 22:05:692 INFO  LoginPage :44 - Enter email iampatel@gmail.comto email field [[ChromeDriver: chrome on WINDOWS (4479f1876dc03c02188cdd88894b6aed)] -> id: input-email]
2023-05-16 22:05:789 INFO  LoginPage :50 - Enter password HelloNum1to password field [[ChromeDriver: chrome on WINDOWS (4479f1876dc03c02188cdd88894b6aed)] -> id: input-password]
2023-05-16 22:05:325 INFO  LoginPage :56 - Clicking on Login Button [[ChromeDriver: chrome on WINDOWS (4479f1876dc03c02188cdd88894b6aed)] -> xpath: //input[@value='Login']]
2023-05-16 22:05:345 INFO  LoginPage :61 - Verify text “My Account” [[ChromeDriver: chrome on WINDOWS (4479f1876dc03c02188cdd88894b6aed)] -> xpath: //h2[text()='My Account']]
2023-05-16 22:05:925 INFO  HomePage :129 - Select Logout from myAccount drop down list [[[ChromeDriver: chrome on WINDOWS (4479f1876dc03c02188cdd88894b6aed)] -> xpath: //ul[@class='dropdown-menu dropdown-menu-right']/li], [[ChromeDriver: chrome on WINDOWS (4479f1876dc03c02188cdd88894b6aed)] -> xpath: //ul[@class='dropdown-menu dropdown-menu-right']/li], [[ChromeDriver: chrome on WINDOWS (4479f1876dc03c02188cdd88894b6aed)] -> xpath: //ul[@class='dropdown-menu dropdown-menu-right']/li], [[ChromeDriver: chrome on WINDOWS (4479f1876dc03c02188cdd88894b6aed)] -> xpath: //ul[@class='dropdown-menu dropdown-menu-right']/li], [[ChromeDriver: chrome on WINDOWS (4479f1876dc03c02188cdd88894b6aed)] -> xpath: //ul[@class='dropdown-menu dropdown-menu-right']/li]]
2023-05-16 22:05:944 INFO  LogoutPage :28 - Verify text "Account Logout" [[ChromeDriver: chrome on WINDOWS (4479f1876dc03c02188cdd88894b6aed)] -> xpath: //h1[text()='Account Logout']]
2023-05-16 22:05:305 INFO  LogoutPage :34 - Clicking on Continue Button [[ChromeDriver: chrome on WINDOWS (4479f1876dc03c02188cdd88894b6aed)] -> xpath: //a[contains(text(),'Continue')]]
2023-05-16 22:05:369 INFO  HomePage :129 - Select Register from myAccount drop down list [[[ChromeDriver: chrome on WINDOWS (9d89e59af8f0486b439186150f90aff3)] -> xpath: //ul[@class='dropdown-menu dropdown-menu-right']/li], [[ChromeDriver: chrome on WINDOWS (9d89e59af8f0486b439186150f90aff3)] -> xpath: //ul[@class='dropdown-menu dropdown-menu-right']/li]]
2023-05-16 22:05:438 INFO  RegisterPage :65 - Enter Firstname Iama to Firstname field [[ChromeDriver: chrome on WINDOWS (9d89e59af8f0486b439186150f90aff3)] -> id: input-firstname]
2023-05-16 22:05:496 INFO  RegisterPage :70 - Enter Lastname Patel to Lastname field [[ChromeDriver: chrome on WINDOWS (9d89e59af8f0486b439186150f90aff3)] -> id: input-lastname]
2023-05-16 22:05:563 INFO  RegisterPage :75 - Enter email patel6ZCD@gmail.com to email field [[ChromeDriver: chrome on WINDOWS (9d89e59af8f0486b439186150f90aff3)] -> id: input-email]
2023-05-16 22:05:622 INFO  RegisterPage :80 - Enter Telephone 01234567890 to Telephone field [[ChromeDriver: chrome on WINDOWS (9d89e59af8f0486b439186150f90aff3)] -> id: input-telephone]
2023-05-16 22:05:676 INFO  RegisterPage :85 - Enter Password Hellonum1 to Password field [[ChromeDriver: chrome on WINDOWS (9d89e59af8f0486b439186150f90aff3)] -> id: input-password]
2023-05-16 22:05:734 INFO  RegisterPage :90 - Enter ConfirmPassword Hellonum1 to ConfirmPassword field [[ChromeDriver: chrome on WINDOWS (9d89e59af8f0486b439186150f90aff3)] -> id: input-confirm]
2023-05-16 22:05:765 INFO  RegisterPage :102 - Select Subscribe Yes radio button [[[ChromeDriver: chrome on WINDOWS (9d89e59af8f0486b439186150f90aff3)] -> xpath: //fieldset[3]//input], [[ChromeDriver: chrome on WINDOWS (9d89e59af8f0486b439186150f90aff3)] -> xpath: //fieldset[3]//input]]
2023-05-16 22:05:808 INFO  RegisterPage :107 - Click on Privacy Policy check box [[ChromeDriver: chrome on WINDOWS (9d89e59af8f0486b439186150f90aff3)] -> xpath: //input[@name='agree']]
2023-05-16 22:05:214 INFO  RegisterPage :112 - Clicking on Continue Button [[ChromeDriver: chrome on WINDOWS (9d89e59af8f0486b439186150f90aff3)] -> xpath: //input[@type='submit']]
2023-05-16 22:05:229 INFO  RegisterPage :116 - Verify the message “Your Account Has Been Created!” [[ChromeDriver: chrome on WINDOWS (9d89e59af8f0486b439186150f90aff3)] -> xpath: //h1[text()='Your Account Has Been Created!']]
2023-05-16 22:05:533 INFO  RegisterPage :122 - Clicking on Continue Button [[ChromeDriver: chrome on WINDOWS (9d89e59af8f0486b439186150f90aff3)] -> xpath: //a[text()='Continue']]
2023-05-16 22:05:105 INFO  HomePage :129 - Select Logout from myAccount drop down list [[[ChromeDriver: chrome on WINDOWS (9d89e59af8f0486b439186150f90aff3)] -> xpath: //ul[@class='dropdown-menu dropdown-menu-right']/li], [[ChromeDriver: chrome on WINDOWS (9d89e59af8f0486b439186150f90aff3)] -> xpath: //ul[@class='dropdown-menu dropdown-menu-right']/li], [[ChromeDriver: chrome on WINDOWS (9d89e59af8f0486b439186150f90aff3)] -> xpath: //ul[@class='dropdown-menu dropdown-menu-right']/li], [[ChromeDriver: chrome on WINDOWS (9d89e59af8f0486b439186150f90aff3)] -> xpath: //ul[@class='dropdown-menu dropdown-menu-right']/li], [[ChromeDriver: chrome on WINDOWS (9d89e59af8f0486b439186150f90aff3)] -> xpath: //ul[@class='dropdown-menu dropdown-menu-right']/li]]
2023-05-16 22:05:123 INFO  LogoutPage :28 - Verify text "Account Logout" [[ChromeDriver: chrome on WINDOWS (9d89e59af8f0486b439186150f90aff3)] -> xpath: //h1[text()='Account Logout']]
2023-05-16 22:05:467 INFO  LogoutPage :34 - Clicking on Continue Button [[ChromeDriver: chrome on WINDOWS (9d89e59af8f0486b439186150f90aff3)] -> xpath: //a[contains(text(),'Continue')]]
2023-05-16 22:05:851 INFO  HomePage :81 - Mouse hover on “Laptops & Notebooks” Tab and click [[ChromeDriver: chrome on WINDOWS (ee10d0e19030a58c5e64dbc3e7c79ad1)] -> link text: Laptops & Notebooks]
2023-05-16 22:05:869 INFO  HomePage :69 - Click Show All Laptops & Notebooks from homepage Top menu  []
2023-05-16 22:05:885 INFO  LaptopAndNoteBookPage :39 - Verify the text ‘Laptops & Notebooks’ [[ChromeDriver: chrome on WINDOWS (ee10d0e19030a58c5e64dbc3e7c79ad1)] -> xpath: //h2[contains(text(),'Laptops & Notebooks')]]
